<?xml version="1.0" encoding="UTF-8"?>
<coverage generated="1574037730545" clover="3.2.0">
  <project timestamp="1574037730545" name="All files">
    <metrics statements="30" coveredstatements="30" conditionals="30" coveredconditionals="30" methods="1" coveredmethods="1" elements="61" coveredelements="61" complexity="0" loc="30" ncloc="30" packages="1" files="1" classes="1">
      <file name="index.js" path="C:\Users\tiago\OneDrive\documentos de tarefas\Documentos\www\Estudos\ReactNinjaUdemy\modulo2\Pagination-component\src\utils\pagination\index.js">
        <metrics statements="30" coveredstatements="30" conditionals="30" coveredconditionals="30" methods="1" coveredmethods="1"/>
        <line num="3" count="1" type="stmt"/>
        <line num="4" count="23" type="stmt"/>
        <line num="5" count="1" type="stmt"/>
        <line num="7" count="22" type="stmt"/>
        <line num="8" count="1" type="stmt"/>
        <line num="10" count="21" type="stmt"/>
        <line num="11" count="1" type="stmt"/>
        <line num="14" count="20" type="stmt"/>
        <line num="16" count="20" type="stmt"/>
        <line num="17" count="20" type="stmt"/>
        <line num="19" count="20" type="stmt"/>
        <line num="23" count="20" type="stmt"/>
        <line num="27" count="20" type="stmt"/>
        <line num="31" count="20" type="stmt"/>
        <line num="35" count="20" type="stmt"/>
        <line num="38" count="20" type="stmt"/>
        <line num="39" count="61" type="stmt"/>
        <line num="43" count="20" type="stmt"/>
        <line num="45" count="10" type="stmt"/>
        <line num="46" count="6" type="stmt"/>
        <line num="47" count="4" type="stmt"/>
        <line num="48" count="2" type="stmt"/>
        <line num="50" count="10" type="stmt"/>
        <line num="54" count="20" type="stmt"/>
        <line num="56" count="12" type="stmt"/>
        <line num="57" count="5" type="stmt"/>
        <line num="58" count="7" type="stmt"/>
        <line num="59" count="5" type="stmt"/>
        <line num="61" count="12" type="stmt"/>
        <line num="64" count="20" type="stmt"/>
      </file>
    </metrics>
  </project>
</coverage>
