{"C:\\Users\\tiago\\OneDrive\\documentos de tarefas\\Documentos\\www\\Estudos\\ReactNinjaUdemy\\modulo2\\Pagination-component\\src\\utils\\pagination\\index.js": {"path":"C:\\Users\\tiago\\OneDrive\\documentos de tarefas\\Documentos\\www\\Estudos\\ReactNinjaUdemy\\modulo2\\Pagination-component\\src\\utils\\pagination\\index.js","statementMap":{"0":{"start":{"line":3,"column":19},"end":{"line":65,"column":1}},"1":{"start":{"line":4,"column":2},"end":{"line":6,"column":3}},"2":{"start":{"line":5,"column":4},"end":{"line":5,"column":51}},"3":{"start":{"line":7,"column":2},"end":{"line":9,"column":3}},"4":{"start":{"line":8,"column":4},"end":{"line":8,"column":56}},"5":{"start":{"line":10,"column":2},"end":{"line":12,"column":3}},"6":{"start":{"line":11,"column":4},"end":{"line":11,"column":58}},"7":{"start":{"line":14,"column":27},"end":{"line":14,"column":53}},"8":{"start":{"line":16,"column":23},"end":{"line":16,"column":52}},"9":{"start":{"line":17,"column":21},"end":{"line":17,"column":50}},"10":{"start":{"line":19,"column":27},"end":{"line":21,"column":27}},"11":{"start":{"line":23,"column":25},"end":{"line":25,"column":27}},"12":{"start":{"line":27,"column":19},"end":{"line":29,"column":23}},"13":{"start":{"line":31,"column":17},"end":{"line":33,"column":27}},"14":{"start":{"line":35,"column":14},"end":{"line":35,"column":16}},"15":{"start":{"line":38,"column":2},"end":{"line":40,"column":3}},"16":{"start":{"line":39,"column":4},"end":{"line":39,"column":21}},"17":{"start":{"line":43,"column":2},"end":{"line":51,"column":3}},"18":{"start":{"line":45,"column":4},"end":{"line":49,"column":5}},"19":{"start":{"line":46,"column":6},"end":{"line":46,"column":26}},"20":{"start":{"line":47,"column":11},"end":{"line":49,"column":5}},"21":{"start":{"line":48,"column":6},"end":{"line":48,"column":22}},"22":{"start":{"line":50,"column":4},"end":{"line":50,"column":20}},"23":{"start":{"line":54,"column":2},"end":{"line":62,"column":3}},"24":{"start":{"line":56,"column":4},"end":{"line":60,"column":5}},"25":{"start":{"line":57,"column":6},"end":{"line":57,"column":23}},"26":{"start":{"line":58,"column":11},"end":{"line":60,"column":5}},"27":{"start":{"line":59,"column":6},"end":{"line":59,"column":27}},"28":{"start":{"line":61,"column":4},"end":{"line":61,"column":21}},"29":{"start":{"line":64,"column":2},"end":{"line":64,"column":14}}},"fnMap":{"0":{"name":"(anonymous_0)","decl":{"start":{"line":3,"column":19},"end":{"line":3,"column":20}},"loc":{"start":{"line":3,"column":75},"end":{"line":65,"column":1}}}},"branchMap":{"0":{"loc":{"start":{"line":3,"column":20},"end":{"line":3,"column":70}},"type":"default-arg","locations":[{"start":{"line":3,"column":68},"end":{"line":3,"column":70}}]},"1":{"loc":{"start":{"line":3,"column":21},"end":{"line":3,"column":30}},"type":"default-arg","locations":[{"start":{"line":3,"column":29},"end":{"line":3,"column":30}}]},"2":{"loc":{"start":{"line":3,"column":32},"end":{"line":3,"column":46}},"type":"default-arg","locations":[{"start":{"line":3,"column":45},"end":{"line":3,"column":46}}]},"3":{"loc":{"start":{"line":3,"column":48},"end":{"line":3,"column":64}},"type":"default-arg","locations":[{"start":{"line":3,"column":63},"end":{"line":3,"column":64}}]},"4":{"loc":{"start":{"line":4,"column":2},"end":{"line":6,"column":3}},"type":"if","locations":[{"start":{"line":4,"column":2},"end":{"line":6,"column":3}},{"start":{"line":4,"column":2},"end":{"line":6,"column":3}}]},"5":{"loc":{"start":{"line":7,"column":2},"end":{"line":9,"column":3}},"type":"if","locations":[{"start":{"line":7,"column":2},"end":{"line":9,"column":3}},{"start":{"line":7,"column":2},"end":{"line":9,"column":3}}]},"6":{"loc":{"start":{"line":10,"column":2},"end":{"line":12,"column":3}},"type":"if","locations":[{"start":{"line":10,"column":2},"end":{"line":12,"column":3}},{"start":{"line":10,"column":2},"end":{"line":12,"column":3}}]},"7":{"loc":{"start":{"line":19,"column":27},"end":{"line":21,"column":27}},"type":"cond-expr","locations":[{"start":{"line":20,"column":26},"end":{"line":20,"column":53}},{"start":{"line":21,"column":26},"end":{"line":21,"column":27}}]},"8":{"loc":{"start":{"line":23,"column":25},"end":{"line":25,"column":27}},"type":"cond-expr","locations":[{"start":{"line":24,"column":26},"end":{"line":24,"column":48}},{"start":{"line":25,"column":26},"end":{"line":25,"column":27}}]},"9":{"loc":{"start":{"line":27,"column":19},"end":{"line":29,"column":23}},"type":"cond-expr","locations":[{"start":{"line":28,"column":22},"end":{"line":28,"column":59}},{"start":{"line":29,"column":22},"end":{"line":29,"column":23}}]},"10":{"loc":{"start":{"line":31,"column":17},"end":{"line":33,"column":27}},"type":"cond-expr","locations":[{"start":{"line":32,"column":22},"end":{"line":32,"column":59}},{"start":{"line":33,"column":22},"end":{"line":33,"column":27}}]},"11":{"loc":{"start":{"line":43,"column":2},"end":{"line":51,"column":3}},"type":"if","locations":[{"start":{"line":43,"column":2},"end":{"line":51,"column":3}},{"start":{"line":43,"column":2},"end":{"line":51,"column":3}}]},"12":{"loc":{"start":{"line":45,"column":4},"end":{"line":49,"column":5}},"type":"if","locations":[{"start":{"line":45,"column":4},"end":{"line":49,"column":5}},{"start":{"line":45,"column":4},"end":{"line":49,"column":5}}]},"13":{"loc":{"start":{"line":47,"column":11},"end":{"line":49,"column":5}},"type":"if","locations":[{"start":{"line":47,"column":11},"end":{"line":49,"column":5}},{"start":{"line":47,"column":11},"end":{"line":49,"column":5}}]},"14":{"loc":{"start":{"line":54,"column":2},"end":{"line":62,"column":3}},"type":"if","locations":[{"start":{"line":54,"column":2},"end":{"line":62,"column":3}},{"start":{"line":54,"column":2},"end":{"line":62,"column":3}}]},"15":{"loc":{"start":{"line":56,"column":4},"end":{"line":60,"column":5}},"type":"if","locations":[{"start":{"line":56,"column":4},"end":{"line":60,"column":5}},{"start":{"line":56,"column":4},"end":{"line":60,"column":5}}]},"16":{"loc":{"start":{"line":58,"column":11},"end":{"line":60,"column":5}},"type":"if","locations":[{"start":{"line":58,"column":11},"end":{"line":60,"column":5}},{"start":{"line":58,"column":11},"end":{"line":60,"column":5}}]}},"s":{"0":1,"1":23,"2":1,"3":22,"4":1,"5":21,"6":1,"7":20,"8":20,"9":20,"10":20,"11":20,"12":20,"13":20,"14":20,"15":20,"16":61,"17":20,"18":10,"19":6,"20":4,"21":2,"22":10,"23":20,"24":12,"25":5,"26":7,"27":5,"28":12,"29":20},"f":{"0":23},"b":{"0":[1],"1":[2],"2":[2],"3":[16],"4":[1,22],"5":[1,21],"6":[1,20],"7":[10,10],"8":[6,14],"9":[10,10],"10":[13,7],"11":[10,10],"12":[6,4],"13":[2,2],"14":[12,8],"15":[5,7],"16":[5,2]},"_coverageSchema":"332fd63041d2c1bcb487cc26dd0d5f7d97098a6c","hash":"2cca67eb7f8193a616644fc31a658f69151f349f"}
}
