TN:
SF:C:\Users\tiago\OneDrive\documentos de tarefas\Documentos\www\Estudos\ReactNinjaUdemy\modulo2\Pagination-component\src\utils\pagination\index.js
FN:3,(anonymous_0)
FNF:1
FNH:1
FNDA:23,(anonymous_0)
DA:3,1
DA:4,23
DA:5,1
DA:7,22
DA:8,1
DA:10,21
DA:11,1
DA:14,20
DA:16,20
DA:17,20
DA:19,20
DA:23,20
DA:27,20
DA:31,20
DA:35,20
DA:38,20
DA:39,61
DA:43,20
DA:45,10
DA:46,6
DA:47,4
DA:48,2
DA:50,10
DA:54,20
DA:56,12
DA:57,5
DA:58,7
DA:59,5
DA:61,12
DA:64,20
LF:30
LH:30
BRDA:3,0,0,1
BRDA:3,1,0,2
BRDA:3,2,0,2
BRDA:3,3,0,16
BRDA:4,4,0,1
BRDA:4,4,1,22
BRDA:7,5,0,1
BRDA:7,5,1,21
BRDA:10,6,0,1
BRDA:10,6,1,20
BRDA:19,7,0,10
BRDA:19,7,1,10
BRDA:23,8,0,6
BRDA:23,8,1,14
BRDA:27,9,0,10
BRDA:27,9,1,10
BRDA:31,10,0,13
BRDA:31,10,1,7
BRDA:43,11,0,10
BRDA:43,11,1,10
BRDA:45,12,0,6
BRDA:45,12,1,4
BRDA:47,13,0,2
BRDA:47,13,1,2
BRDA:54,14,0,12
BRDA:54,14,1,8
BRDA:56,15,0,5
BRDA:56,15,1,7
BRDA:58,16,0,5
BRDA:58,16,1,2
BRF:30
BRH:30
end_of_record
